Pid: 111009
Status: 200
Method: POST
Path: /users/login
Time: 23:53:52 

Pid: 117891
Status: 404
Method: POST
Path: /
Time: 00:17:07 

Pid: 117891
Status: 200
Method: POST
Path: /users/login
Time: 00:17:11 

Pid: 117891
Status: 200
Method: POST
Path: /users/login
Time: 00:17:13 

Pid: 117891
Status: 200
Method: POST
Path: /users/login
Time: 00:17:14 

Pid: 117891
Status: 200
Method: POST
Path: /users/login
Time: 00:17:14 

Pid: 117891
Status: 200
Method: POST
Path: /users/login
Time: 00:17:14 

Pid: 117891
Status: 200
Method: POST
Path: /users/login
Time: 00:17:14 

Pid: 117891
Status: 200
Method: POST
Path: /users/login
Time: 00:17:14 

Pid: 117891
Status: 200
Method: POST
Path: /users/login
Time: 00:17:15 

Pid: 117891
Status: 200
Method: POST
Path: /users/login
Time: 00:17:15 

Pid: 117891
Status: 200
Method: POST
Path: /users/login
Time: 00:17:15 

Pid: 117891
Status: 200
Method: POST
Path: /users/login
Time: 00:17:15 

Pid: 117891
Status: 200
Method: POST
Path: /users/login
Time: 00:17:15 

Pid: 117891
Status: 200
Method: POST
Path: /users/login
Time: 00:17:15 

Pid: 117891
Status: 200
Method: POST
Path: /users/login
Time: 00:17:15 

Pid: 117891
Status: 200
Method: POST
Path: /users/login
Time: 00:17:15 

Pid: 117891
Status: 200
Method: POST
Path: /users/login
Time: 00:17:15 

Pid: 117891
Status: 200
Method: POST
Path: /users/login
Time: 00:17:15 

Pid: 117891
Status: 200
Method: POST
Path: /users/login
Time: 00:17:15 

Pid: 117891
Status: 200
Method: POST
Path: /users/login
Time: 00:17:15 

Pid: 117891
Status: 200
Method: POST
Path: /users/login
Time: 00:17:16 

Pid: 118672
Status: 200
Method: POST
Path: /users/login
Time: 00:20:15 

Pid: 118672
Status: 200
Method: POST
Path: /users/login
Time: 00:20:16 

Pid: 118672
Status: 200
Method: POST
Path: /users/login
Time: 00:20:17 

Pid: 118672
Status: 200
Method: POST
Path: /users/login
Time: 00:20:17 

Pid: 118672
Status: 200
Method: POST
Path: /users/login
Time: 00:20:18 

Pid: 118672
Status: 200
Method: POST
Path: /users/login
Time: 00:20:19 

Pid: 118672
Status: 200
Method: POST
Path: /users/login
Time: 00:20:19 

Pid: 118672
Status: 200
Method: POST
Path: /users/login
Time: 00:20:19 

Pid: 118672
Status: 200
Method: POST
Path: /users/login
Time: 00:20:20 

