Pid: 129126
Status: 200
Method: POST
Path: /api/users/login
Time: 00:56:29 

Pid: 130090
Status: 200
Method: POST
Path: /api/users/login
Time: 00:57:03 

Pid: 130090
Status: 200
Method: POST
Path: /api/users/login
Time: 00:57:03 

Pid: 130090
Status: 200
Method: POST
Path: /api/users/login
Time: 00:57:03 

Pid: 130090
Status: 200
Method: POST
Path: /api/users/login
Time: 00:57:03 

Pid: 130090
Status: 200
Method: POST
Path: /api/users/login
Time: 00:57:04 

Pid: 130090
Status: 200
Method: POST
Path: /api/users/login
Time: 00:57:04 

Pid: 130090
Status: 200
Method: POST
Path: /api/users/login
Time: 00:57:04 

Pid: 130090
Status: 200
Method: POST
Path: /api/users/login
Time: 00:57:04 

Pid: 130090
Status: 200
Method: POST
Path: /api/users/login
Time: 00:57:05 

Pid: 130090
Status: 200
Method: POST
Path: /api/users/login
Time: 00:57:05 

Pid: 130090
Status: 200
Method: POST
Path: /api/users/login
Time: 00:57:05 

Pid: 130090
Status: 200
Method: POST
Path: /api/users/login
Time: 00:57:05 

Pid: 130090
Status: 200
Method: POST
Path: /api/users/login
Time: 00:57:05 

Pid: 130090
Status: 200
Method: POST
Path: /api/users/login
Time: 00:57:05 

Pid: 130090
Status: 200
Method: POST
Path: /api/users/login
Time: 00:57:06 

Pid: 130090
Status: 200
Method: POST
Path: /api/users/login
Time: 00:57:06 

Pid: 130090
Status: 200
Method: POST
Path: /api/users/login
Time: 00:57:06 

Pid: 130090
Status: 200
Method: POST
Path: /api/users/login
Time: 00:57:06 

Pid: 130090
Status: 200
Method: POST
Path: /api/users/login
Time: 00:57:06 

Pid: 130090
Status: 200
Method: POST
Path: /api/users/login
Time: 00:57:06 

Pid: 130090
Status: 200
Method: POST
Path: /api/users/login
Time: 00:57:06 

Pid: 130090
Status: 200
Method: POST
Path: /api/users/login
Time: 00:57:06 

Pid: 130090
Status: 200
Method: POST
Path: /api/users/login
Time: 00:57:06 

Pid: 130090
Status: 200
Method: POST
Path: /api/users/login
Time: 00:57:06 

Pid: 130090
Status: 200
Method: POST
Path: /api/users/login
Time: 00:57:06 

Pid: 130090
Status: 200
Method: POST
Path: /api/users/login
Time: 00:57:06 

Pid: 130090
Status: 200
Method: POST
Path: /api/users/login
Time: 00:57:06 

Pid: 130090
Status: 200
Method: POST
Path: /api/users/login
Time: 00:57:06 

Pid: 130090
Status: 200
Method: POST
Path: /api/users/login
Time: 00:57:06 

Pid: 130090
Status: 200
Method: POST
Path: /api/users/login
Time: 00:57:06 

Pid: 130090
Status: 200
Method: POST
Path: /api/users/login
Time: 00:57:06 

Pid: 130090
Status: 200
Method: POST
Path: /api/users/login
Time: 00:57:07 

Pid: 130090
Status: 200
Method: POST
Path: /api/users/login
Time: 00:57:07 

Pid: 130090
Status: 200
Method: POST
Path: /api/users/login
Time: 00:57:07 

Pid: 130090
Status: 200
Method: POST
Path: /api/users/login
Time: 00:57:07 

Pid: 130528
Status: 404
Method: POST
Path: /api/users/login
Time: 00:57:25 

Pid: 130528
Status: 404
Method: POST
Path: /api/users/login
Time: 00:57:29 

Pid: 130528
Status: 200
Method: POST
Path: /users/login
Time: 00:57:32 

Pid: 130528
Status: 200
Method: GET
Path: /users/login
Time: 00:57:42 

Pid: 131401
Status: 404
Method: GET
Path: /users/login
Time: 00:58:46 

Pid: 131401
Status: 404
Method: GET
Path: /users/login
Time: 00:58:51 

Pid: 131401
Status: 200
Method: GET
Path: /api/users/login
Time: 00:58:58 

Pid: 131401
Status: 405
Method: POST
Path: /api/users/login
Time: 00:59:04 

Pid: 131401
Status: 200
Method: GET
Path: /api/users/login
Time: 00:59:10 

