Pid: 83051
Status: 405
Method: POST
Path: /api/users/login
Time: 17:29:50 

Pid: 83051
Status: 101
Method: GET
Path: /ws
Time: 17:30:12 

Pid: 102154
Status: 101
Method: GET
Path: /ws
Time: 19:09:22 

Pid: 102651
Status: 101
Method: GET
Path: /ws
Time: 19:11:12 

Pid: 103611
Status: 101
Method: GET
Path: /ws
Time: 19:12:42 

Pid: 103890
Status: 101
Method: GET
Path: /ws
Time: 19:12:59 

Pid: 103894
Status: 101
Method: GET
Path: /ws
Time: 19:14:58 

Pid: 105737
Status: 101
Method: GET
Path: /ws
Time: 19:18:04 

Pid: 105917
Status: 101
Method: GET
Path: /ws
Time: 19:18:14 

Pid: 106225
Status: 101
Method: GET
Path: /ws
Time: 19:18:32 

Pid: 107269
Status: 101
Method: GET
Path: /ws
Time: 19:19:10 

Pid: 109896
Status: 101
Method: GET
Path: /ws
Time: 19:23:09 

Pid: 110202
Status: 101
Method: GET
Path: /ws
Time: 19:23:55 

Pid: 110760
Status: 101
Method: GET
Path: /ws
Time: 19:24:54 

Pid: 111586
Status: 101
Method: GET
Path: /ws
Time: 19:25:20 

Pid: 119615
Status: 101
Method: GET
Path: /ws
Time: 19:40:05 

Pid: 120597
Status: 101
Method: GET
Path: /ws
Time: 19:40:51 

Pid: 120952
Status: 101
Method: GET
Path: /ws
Time: 19:41:34 

Pid: 122156
Status: 101
Method: GET
Path: /ws
Time: 19:42:43 

Pid: 122402
Status: 101
Method: GET
Path: /ws
Time: 19:42:53 

Pid: 123419
Status: 101
Method: GET
Path: /ws
Time: 19:43:16 

Pid: 124344
Status: 101
Method: GET
Path: /ws
Time: 19:45:05 

Pid: 133764
Status: 101
Method: GET
Path: /ws
Time: 20:06:33 

Pid: 134172
Status: 101
Method: GET
Path: /ws
Time: 20:07:05 

Pid: 134805
Status: 101
Method: GET
Path: /ws
Time: 20:08:02 

Pid: 135164
Status: 101
Method: GET
Path: /ws
Time: 20:08:33 

Pid: 135671
Status: 101
Method: GET
Path: /ws
Time: 20:09:30 

Pid: 138511
Status: 101
Method: GET
Path: /ws
Time: 20:13:45 

Pid: 138911
Status: 101
Method: GET
Path: /ws
Time: 20:14:09 

Pid: 139697
Status: 101
Method: GET
Path: /ws
Time: 20:14:28 

Pid: 145764
Status: 404
Method: GET
Path: /ws
Time: 20:29:43 

Pid: 146613
Status: 404
Method: GET
Path: /ws
Time: 20:30:42 

Pid: 146613
Status: 101
Method: GET
Path: /ws/1
Time: 20:30:58 

Pid: 146950
Status: 101
Method: GET
Path: /ws/1
Time: 20:31:11 

Pid: 148545
Status: 101
Method: GET
Path: /ws
Time: 20:32:56 

Pid: 148546
Status: 101
Method: GET
Path: /ws
Time: 20:34:44 

Pid: 148546
Status: 101
Method: GET
Path: /ws
Time: 20:34:46 

Pid: 149584
Status: 101
Method: GET
Path: /ws
Time: 20:35:13 

Pid: 195461
Status: 404
Method: POST
Path: /api/users/login
Time: 15:00:57 

Pid: 195468
Status: 405
Method: POST
Path: /api/users/signin
Time: 15:03:32 

Pid: 196794
Status: 422
Method: POST
Path: /api/users/signin
Time: 15:03:53 

Pid: 196794
Status: 400
Method: POST
Path: /api/users/signin
Time: 15:04:41 

Pid: 196794
Status: 400
Method: POST
Path: /api/users/signin
Time: 15:05:13 

Pid: 196794
Status: 200
Method: POST
Path: /api/users/signin
Time: 15:05:19 

Pid: 237416
Status: 500
Method: POST
Path: /api/users/signin
Time: 16:13:36 

Pid: 239147
Status: 200
Method: POST
Path: /api/users/signin
Time: 16:14:40 

Pid: 240668
Status: 200
Method: POST
Path: /api/users/signin
Time: 16:17:16 

Pid: 240961
Status: 200
Method: POST
Path: /api/users/signin
Time: 16:17:34 

Pid: 244325
Status: 500
Method: POST
Path: /api/users/signin
Time: 16:21:30 

Pid: 244660
Status: 500
Method: POST
Path: /api/users/signin
Time: 16:21:54 

Pid: 245046
Status: 500
Method: POST
Path: /api/users/signin
Time: 16:22:34 

Pid: 245046
Status: 500
Method: POST
Path: /api/users/signin
Time: 16:22:36 

Pid: 245339
Status: 500
Method: POST
Path: /api/users/signin
Time: 16:22:49 

Pid: 245740
Status: 500
Method: POST
Path: /api/users/signin
Time: 16:23:08 

Pid: 246151
Status: 500
Method: POST
Path: /api/users/signin
Time: 16:24:02 

Pid: 246538
Status: 500
Method: POST
Path: /api/users/signin
Time: 16:24:39 

Pid: 246908
Status: 500
Method: POST
Path: /api/users/signin
Time: 16:24:52 

Pid: 247164
Status: 500
Method: POST
Path: /api/users/signin
Time: 16:25:11 

Pid: 247964
Status: 200
Method: POST
Path: /api/users/signin
Time: 16:26:30 

Pid: 247964
Status: 200
Method: POST
Path: /api/users/signin
Time: 16:26:35 

Pid: 247964
Status: 200
Method: POST
Path: /api/users/signin
Time: 16:26:40 

Pid: 249474
Status: 200
Method: POST
Path: /api/users/signin
Time: 16:28:47 

Pid: 249865
Status: 200
Method: POST
Path: /api/users/signin
Time: 16:29:03 

Pid: 249865
Status: 200
Method: POST
Path: /api/users/signin
Time: 16:29:08 

Pid: 249865
Status: 200
Method: POST
Path: /api/users/signin
Time: 16:29:10 

Pid: 250435
Status: 200
Method: POST
Path: /api/users/signin
Time: 16:29:24 

Pid: 251573
Status: 400
Method: POST
Path: /api/users/signin
Time: 16:29:54 

Pid: 252363
Status: 200
Method: POST
Path: /api/users/signin
Time: 16:33:07 

Pid: 252703
Status: 200
Method: POST
Path: /api/users/signin
Time: 16:33:28 

Pid: 253256
Status: 400
Method: POST
Path: /api/users/signin
Time: 16:34:16 

Pid: 253256
Status: 200
Method: POST
Path: /api/users/signin
Time: 16:34:31 

Pid: 253256
Status: 400
Method: POST
Path: /api/users/signin
Time: 16:34:33 

Pid: 253640
Status: 400
Method: POST
Path: /api/users/signin
Time: 16:35:20 

Pid: 253640
Status: 400
Method: POST
Path: /api/users/signin
Time: 16:35:44 

Pid: 253640
Status: 422
Method: POST
Path: /api/users/signin
Time: 16:35:49 

Pid: 253640
Status: 400
Method: POST
Path: /api/users/signin
Time: 16:35:52 

Pid: 253640
Status: 400
Method: POST
Path: /api/users/signin
Time: 16:35:55 

Pid: 253640
Status: 400
Method: POST
Path: /api/users/signin
Time: 16:35:57 

Pid: 254104
Status: 400
Method: POST
Path: /api/users/signin
Time: 16:36:20 

Pid: 254104
Status: 200
Method: POST
Path: /api/users/signin
Time: 16:36:51 

